\BOOKMARK [0][-]{chapter.1}{Introduction}{}
\BOOKMARK [1][-]{subsection.1.0.1}{Background: Game theoretic distributed control}{chapter.1}
\BOOKMARK [1][-]{section.1.1}{Informal statement of contributions}{chapter.1}
\BOOKMARK [1][-]{section.1.2}{Technical Preliminaries}{chapter.1}
\BOOKMARK [1][-]{section.1.3}{Formal statement of contributions}{chapter.1}
\BOOKMARK [2][-]{subsection.1.3.1}{Fast convergence contributions}{section.1.3}
\BOOKMARK [2][-]{subsection.1.3.2}{CCE contributions}{section.1.3}
\BOOKMARK [2][-]{subsection.1.3.3}{Adversarial vulnerability contributions}{section.1.3}
\BOOKMARK [0][-]{chapter.2}{Fast Convergence in Semi-Anonymous Potential Games}{}
\BOOKMARK [1][-]{section.2.1}{Semi-Anonymous Potential Games}{chapter.2}
\BOOKMARK [1][-]{section.2.2}{Main Results}{chapter.2}
\BOOKMARK [2][-]{subsection.2.2.1}{Modified Log-Linear Learning}{section.2.2}
\BOOKMARK [2][-]{subsection.2.2.2}{Semi-Anonymous Potential Games}{section.2.2}
\BOOKMARK [2][-]{subsection.2.2.3}{Time Varying Semi-Anonymous Potential Games}{section.2.2}
\BOOKMARK [1][-]{section.2.3}{Illustrative Examples }{chapter.2}
\BOOKMARK [0][-]{chapter.3}{Learning Efficient Correlated Equlibria}{}
\BOOKMARK [1][-]{section.3.1}{Background}{chapter.3}
\BOOKMARK [1][-]{section.3.2}{A learning algorithm for attaining efficient correlated equilibria}{chapter.3}
\BOOKMARK [2][-]{subsection.3.2.1}{Preliminaries}{section.3.2}
\BOOKMARK [2][-]{subsection.3.2.2}{Informal algorithm description}{section.3.2}
\BOOKMARK [2][-]{subsection.3.2.3}{Formal algorithm description}{section.3.2}
\BOOKMARK [1][-]{section.3.3}{Main Result}{chapter.3}
\BOOKMARK [1][-]{section.3.4}{Illustrative Example}{chapter.3}
\BOOKMARK [0][-]{chapter.4}{Understanding Adversarial Influence in Distributed Systems}{}
\BOOKMARK [1][-]{section.4.1}{The model}{chapter.4}
\BOOKMARK [1][-]{section.4.2}{Summary of results}{chapter.4}
\BOOKMARK [1][-]{section.4.3}{Main results}{chapter.4}
\BOOKMARK [2][-]{subsection.4.3.1}{Universal resilience to an adversary}{section.4.3}
\BOOKMARK [2][-]{subsection.4.3.2}{Fixed, intelligent adversarial influence}{section.4.3}
\BOOKMARK [2][-]{subsection.4.3.3}{Mobile, random adversarial influence}{section.4.3}
\BOOKMARK [2][-]{subsection.4.3.4}{Mobile, intelligent adversarial influence}{section.4.3}
\BOOKMARK [0][-]{chapter.5}{Conclusion}{}
\BOOKMARK [-1][-]{chapter*.12}{ Bibliography}{}
\BOOKMARK [0][-]{appendix.A}{Technical Preliminaries}{chapter*.12}
\BOOKMARK [1][-]{section.A.1}{Markov chain preliminaries}{appendix.A}
\BOOKMARK [1][-]{section.A.2}{Resistance Trees}{appendix.A}
\BOOKMARK [0][-]{appendix.B}{Proofs}{chapter*.12}
\BOOKMARK [1][-]{section.B.1}{Fast Convergence in Semi-Anonymous Potential Games: Background and Proofs}{appendix.B}
\BOOKMARK [2][-]{subsection.B.1.1}{Semi-Anonymous Potential Games}{section.B.1}
\BOOKMARK [2][-]{subsection.B.1.2}{Proof of Theorem 1}{section.B.1}
\BOOKMARK [2][-]{subsection.B.1.3}{Time-Varying Semi-Anonymous Potential Games}{section.B.1}
\BOOKMARK [2][-]{subsection.B.1.4}{Proof of Theorem 2}{section.B.1}
\BOOKMARK [1][-]{section.B.2}{Learning Efficient Correlated Equilibria: Background and Proofs}{appendix.B}
\BOOKMARK [2][-]{subsection.B.2.1}{Resistances between recurrent classes}{section.B.2}
\BOOKMARK [2][-]{subsection.B.2.2}{Stochastic potentials}{section.B.2}
\BOOKMARK [1][-]{section.B.3}{Understanding Adversarial Influence in Distributed Systems: Background and Proofs}{appendix.B}
\BOOKMARK [2][-]{subsection.B.3.1}{Log-linear learning in the adversarial influence models}{section.B.3}
\BOOKMARK [2][-]{subsection.B.3.2}{Stability in the presence of a fixed, intelligent adversary}{section.B.3}
\BOOKMARK [2][-]{subsection.B.3.3}{Stability in the presence of a mobile, random adversary}{section.B.3}
\BOOKMARK [2][-]{subsection.B.3.4}{Stability in the presence of an intelligent, mobile agent}{section.B.3}
